# JRE version: OpenJDK Runtime Environment (8.0_212-b04) (build 1.8.0_212-release-1586-b04)
# Java VM: OpenJDK 64-Bit Server VM (25.212-b04 mixed mode windows-amd64 compressed oops)
Heap:
 PSYoungGen      total 153088K, used 64956K [0x00000000e0000000, 0x00000000ed100000, 0x0000000100000000)
  eden space 139264K, 46% used [0x00000000e0000000,0x00000000e3f6f228,0x00000000e8800000)
  from space 13824K, 0% used [0x00000000e9580000,0x00000000e9580000,0x00000000ea300000)
  to   space 13824K, 0% used [0x00000000e8800000,0x00000000e8800000,0x00000000e9580000)
 ParOldGen       total 103424K, used 16052K [0x00000000a0000000, 0x00000000a6500000, 0x00000000e0000000)
  object space 103424K, 15% used [0x00000000a0000000,0x00000000a0fad258,0x00000000a6500000)
 Metaspace       used 41579K, capacity 42594K, committed 42752K, reserved 1085440K
  class space    used 5611K, capacity 5885K, committed 5888K, reserved 1048576K
GC Heap History (10 events):
Event: 2.278 GC heap before
{Heap before GC invocations=6 (full 1):
 PSYoungGen      total 70656K, used 5104K [0x00000000e0000000, 0x00000000e9900000, 0x0000000100000000)
  eden space 65536K, 0% used [0x00000000e0000000,0x00000000e0000000,0x00000000e4000000)
  from space 5120K, 99% used [0x00000000e4000000,0x00000000e44fc030,0x00000000e4500000)
  to   space 12800K, 0% used [0x00000000e8c80000,0x00000000e8c80000,0x00000000e9900000)
 ParOldGen       total 86016K, used 11268K [0x00000000a0000000, 0x00000000a5400000, 0x00000000e0000000)
  object space 86016K, 13% used [0x00000000a0000000,0x00000000a0b010b0,0x00000000a5400000)
 Metaspace       used 20613K, capacity 21090K, committed 21296K, reserved 1067008K
  class space    used 2974K, capacity 3129K, committed 3200K, reserved 1048576K
Event: 2.320 GC heap after
Heap after GC invocations=6 (full 1):
 PSYoungGen      total 70656K, used 0K [0x00000000e0000000, 0x00000000e9900000, 0x0000000100000000)
  eden space 65536K, 0% used [0x00000000e0000000,0x00000000e0000000,0x00000000e4000000)
  from space 5120K, 0% used [0x00000000e4000000,0x00000000e4000000,0x00000000e4500000)
  to   space 12800K, 0% used [0x00000000e8c80000,0x00000000e8c80000,0x00000000e9900000)
 ParOldGen       total 69120K, used 12106K [0x00000000a0000000, 0x00000000a4380000, 0x00000000e0000000)
  object space 69120K, 17% used [0x00000000a0000000,0x00000000a0bd2ae0,0x00000000a4380000)
 Metaspace       used 20613K, capacity 21090K, committed 21296K, reserved 1067008K
  class space    used 2974K, capacity 3129K, committed 3200K, reserved 1048576K
}
Event: 3.098 GC heap before
{Heap before GC invocations=7 (full 1):
 PSYoungGen      total 70656K, used 65536K [0x00000000e0000000, 0x00000000e9900000, 0x0000000100000000)
  eden space 65536K, 100% used [0x00000000e0000000,0x00000000e4000000,0x00000000e4000000)
  from space 5120K, 0% used [0x00000000e4000000,0x00000000e4000000,0x00000000e4500000)
  to   space 12800K, 0% used [0x00000000e8c80000,0x00000000e8c80000,0x00000000e9900000)
 ParOldGen       total 69120K, used 12106K [0x00000000a0000000, 0x00000000a4380000, 0x00000000e0000000)
  object space 69120K, 17% used [0x00000000a0000000,0x00000000a0bd2ae0,0x00000000a4380000)
 Metaspace       used 29035K, capacity 29574K, committed 30080K, reserved 1075200K
  class space    used 3913K, capacity 4097K, committed 4224K, reserved 1048576K
Event: 3.105 GC heap after
Heap after GC invocations=7 (full 1):
 PSYoungGen      total 103424K, used 8228K [0x00000000e0000000, 0x00000000e9500000, 0x0000000100000000)
  eden space 94720K, 0% used [0x00000000e0000000,0x00000000e0000000,0x00000000e5c80000)
  from space 8704K, 94% used [0x00000000e8c80000,0x00000000e9489300,0x00000000e9500000)
  to   space 12800K, 0% used [0x00000000e7c00000,0x00000000e7c00000,0x00000000e8880000)
 ParOldGen       total 69120K, used 12114K [0x00000000a0000000, 0x00000000a4380000, 0x00000000e0000000)
  object space 69120K, 17% used [0x00000000a0000000,0x00000000a0bd4ae0,0x00000000a4380000)
 Metaspace       used 29035K, capacity 29574K, committed 30080K, reserved 1075200K
  class space    used 3913K, capacity 4097K, committed 4224K, reserved 1048576K
}
Event: 3.973 GC heap before
{Heap before GC invocations=8 (full 1):
 PSYoungGen      total 103424K, used 102948K [0x00000000e0000000, 0x00000000e9500000, 0x0000000100000000)
  eden space 94720K, 100% used [0x00000000e0000000,0x00000000e5c80000,0x00000000e5c80000)
  from space 8704K, 94% used [0x00000000e8c80000,0x00000000e9489300,0x00000000e9500000)
  to   space 12800K, 0% used [0x00000000e7c00000,0x00000000e7c00000,0x00000000e8880000)
 ParOldGen       total 69120K, used 12114K [0x00000000a0000000, 0x00000000a4380000, 0x00000000e0000000)
  object space 69120K, 17% used [0x00000000a0000000,0x00000000a0bd4ae0,0x00000000a4380000)
 Metaspace       used 33102K, capacity 33784K, committed 34048K, reserved 1079296K
  class space    used 4542K, capacity 4771K, committed 4864K, reserved 1048576K
Event: 3.991 GC heap after
Heap after GC invocations=8 (full 1):
 PSYoungGen      total 139776K, used 10500K [0x00000000e0000000, 0x00000000ea300000, 0x0000000100000000)
  eden space 126976K, 0% used [0x00000000e0000000,0x00000000e0000000,0x00000000e7c00000)
  from space 12800K, 82% used [0x00000000e7c00000,0x00000000e8641078,0x00000000e8880000)
  to   space 13824K, 0% used [0x00000000e9580000,0x00000000e9580000,0x00000000ea300000)
 ParOldGen       total 69120K, used 12122K [0x00000000a0000000, 0x00000000a4380000, 0x00000000e0000000)
  object space 69120K, 17% used [0x00000000a0000000,0x00000000a0bd6ae0,0x00000000a4380000)
 Metaspace       used 33102K, capacity 33784K, committed 34048K, reserved 1079296K
  class space    used 4542K, capacity 4771K, committed 4864K, reserved 1048576K
}
Event: 4.602 GC heap before
{Heap before GC invocations=9 (full 1):
 PSYoungGen      total 139776K, used 47840K [0x00000000e0000000, 0x00000000ea300000, 0x0000000100000000)
  eden space 126976K, 29% used [0x00000000e0000000,0x00000000e2477270,0x00000000e7c00000)
  from space 12800K, 82% used [0x00000000e7c00000,0x00000000e8641078,0x00000000e8880000)
  to   space 13824K, 0% used [0x00000000e9580000,0x00000000e9580000,0x00000000ea300000)
 ParOldGen       total 69120K, used 12122K [0x00000000a0000000, 0x00000000a4380000, 0x00000000e0000000)
  object space 69120K, 17% used [0x00000000a0000000,0x00000000a0bd6ae0,0x00000000a4380000)
 Metaspace       used 34528K, capacity 35420K, committed 35456K, reserved 1079296K
  class space    used 4738K, capacity 4981K, committed 4992K, reserved 1048576K
Event: 4.612 GC heap after
Heap after GC invocations=9 (full 1):
 PSYoungGen      total 153088K, used 9322K [0x00000000e0000000, 0x00000000ed100000, 0x0000000100000000)
  eden space 139264K, 0% used [0x00000000e0000000,0x00000000e0000000,0x00000000e8800000)
  from space 13824K, 67% used [0x00000000e9580000,0x00000000e9e9a960,0x00000000ea300000)
  to   space 13824K, 0% used [0x00000000e8800000,0x00000000e8800000,0x00000000e9580000)
 ParOldGen       total 69120K, used 12130K [0x00000000a0000000, 0x00000000a4380000, 0x00000000e0000000)
  object space 69120K, 17% used [0x00000000a0000000,0x00000000a0bd8ae0,0x00000000a4380000)
 Metaspace       used 34528K, capacity 35420K, committed 35456K, reserved 1079296K
  class space    used 4738K, capacity 4981K, committed 4992K, reserved 1048576K
}
Event: 4.612 GC heap before
{Heap before GC invocations=10 (full 2):
 PSYoungGen      total 153088K, used 9322K [0x00000000e0000000, 0x00000000ed100000, 0x0000000100000000)
  eden space 139264K, 0% used [0x00000000e0000000,0x00000000e0000000,0x00000000e8800000)
  from space 13824K, 67% used [0x00000000e9580000,0x00000000e9e9a960,0x00000000ea300000)
  to   space 13824K, 0% used [0x00000000e8800000,0x00000000e8800000,0x00000000e9580000)
 ParOldGen       total 69120K, used 12130K [0x00000000a0000000, 0x00000000a4380000, 0x00000000e0000000)
  object space 69120K, 17% used [0x00000000a0000000,0x00000000a0bd8ae0,0x00000000a4380000)
 Metaspace       used 34528K, capacity 35420K, committed 35456K, reserved 1079296K
  class space    used 4738K, capacity 4981K, committed 4992K, reserved 1048576K
Event: 4.683 GC heap after
Heap after GC invocations=10 (full 2):
 PSYoungGen      total 153088K, used 0K [0x00000000e0000000, 0x00000000ed100000, 0x0000000100000000)
  eden space 139264K, 0% used [0x00000000e0000000,0x00000000e0000000,0x00000000e8800000)
  from space 13824K, 0% used [0x00000000e9580000,0x00000000e9580000,0x00000000ea300000)
  to   space 13824K, 0% used [0x00000000e8800000,0x00000000e8800000,0x00000000e9580000)
 ParOldGen       total 103424K, used 16052K [0x00000000a0000000, 0x00000000a6500000, 0x00000000e0000000)
  object space 103424K, 15% used [0x00000000a0000000,0x00000000a0fad258,0x00000000a6500000)
 Metaspace       used 34479K, capacity 35252K, committed 35456K, reserved 1079296K
  class space    used 4723K, capacity 4953K, committed 4992K, reserved 1048576K
}

